-------------------------------------------------------------------------------
Test set: pl.ambsoft.birthdaybot.TemplateProviderServiceTest
-------------------------------------------------------------------------------
Tests run: 7, Failures: 1, Errors: 0, Skipped: 0, Time elapsed: 0.443 s <<< FAILURE! - in pl.ambsoft.birthdaybot.TemplateProviderServiceTest
getSeasonTemplateWithName_withLowerCase_shouldReturnTemplateList  Time elapsed: 0.019 s  <<< FAILURE!
java.lang.AssertionError
	at pl.ambsoft.birthdaybot.TemplateProviderServiceTest.getSeasonTemplateWithName_withLowerCase_shouldReturnTemplateList(TemplateProviderServiceTest.java:130)

