<?xml version="1.0" encoding="UTF-8"?>
<testsuite xmlns:xsi="http://www.w3.org/2001/XMLSchema-instance" xsi:noNamespaceSchemaLocation="https://maven.apache.org/surefire/maven-surefire-plugin/xsd/surefire-test-report.xsd" name="pl.ambsoft.birthdaybot.AutoMailServiceTest" time="0.158" tests="3" errors="0" skipped="0" failures="0">
  <properties>
[...]
</properties>
  <testcase name="testSendReminder_shouldSendMail" classname="pl.ambsoft.birthdaybot.AutoMailServiceTest" time="0.146"/>
  <testcase name="testSendRandomZyczenia_shouldSendMail" classname="pl.ambsoft.birthdaybot.AutoMailServiceTest" time="0.005"/>
  <testcase name="testSendSeasonZyczenia_shouldSendMail" classname="pl.ambsoft.birthdaybot.AutoMailServiceTest" time="0.004"/>
</testsuite>